\BOOKMARK [1][-]{section.1}{Initialisation}{}% 1
\BOOKMARK [1][-]{section.2}{Test of association}{}% 2
\BOOKMARK [2][-]{subsection.2.1}{Data}{section.2}% 3
\BOOKMARK [2][-]{subsection.2.2}{Minimal example}{section.2}% 4
\BOOKMARK [2][-]{subsection.2.3}{Offset}{section.2}% 5
\BOOKMARK [2][-]{subsection.2.4}{Confounding variable}{section.2}% 6
\BOOKMARK [2][-]{subsection.2.5}{Overdisperion}{section.2}% 7
\BOOKMARK [2][-]{subsection.2.6}{Multiple covariate sets}{section.2}% 8
\BOOKMARK [2][-]{subsection.2.7}{P-values}{section.2}% 9
\BOOKMARK [1][-]{section.3}{Decomposition}{}% 10
\BOOKMARK [2][-]{subsection.3.1}{Minimal example}{section.3}% 11
\BOOKMARK [2][-]{subsection.3.2}{Null distribution}{section.3}% 12
\BOOKMARK [2][-]{subsection.3.3}{Further arguments}{section.3}% 13
\BOOKMARK [1][-]{section.4}{Genome-wide analysis}{}% 14
\BOOKMARK [2][-]{subsection.4.1}{Data}{section.4}% 15
\BOOKMARK [2][-]{subsection.4.2}{Minimal example}{section.4}% 16
\BOOKMARK [2][-]{subsection.4.3}{Multiple chromosomes}{section.4}% 17
\BOOKMARK [2][-]{subsection.4.4}{Different library sizes}{section.4}% 18
\BOOKMARK [2][-]{subsection.4.5}{Multiple molecular profiles}{section.4}% 19
\BOOKMARK [2][-]{subsection.4.6}{Further arguments}{section.4}% 20
